2025-02-15 09:51:09,637 - INFO - url: https://live.yangfeiyue.ip-ddns.com/speedtest/txt/Tianjin_liantong.txt 获取成功，判断为m3u格式
2025-02-15 09:51:09,638 - INFO - url: https://live.yangfeiyue.ip-ddns.com/speedtest/txt/Tianjin_liantong.txt 爬取成功✅，包含频道分类: 央视高清, 卫视频道
2025-02-15 09:51:09,705 - INFO - url: https://live.yangfeiyue.ip-ddns.com/speedtest/txt/Zhejiang_dianxin.txt 获取成功，判断为m3u格式
2025-02-15 09:51:09,705 - INFO - url: https://live.yangfeiyue.ip-ddns.com/speedtest/txt/Zhejiang_dianxin.txt 爬取成功✅，包含频道分类: 卫视高清
2025-02-15 09:51:09,756 - INFO - url: https://live.yangfeiyue.ip-ddns.com/speedtest/txt/Beijing_liantong.txt 获取成功，判断为m3u格式
2025-02-15 09:51:09,757 - INFO - url: https://live.yangfeiyue.ip-ddns.com/speedtest/txt/Beijing_liantong.txt 爬取成功✅，包含频道分类: 央视高清, 本地高清, 卫视高清
2025-02-15 09:51:09,844 - INFO - url: https://live.yangfeiyue.ip-ddns.com/speedtest/txt/Shanghai_dianxin.txt 获取成功，判断为m3u格式
2025-02-15 09:51:09,845 - INFO - url: https://live.yangfeiyue.ip-ddns.com/speedtest/txt/Shanghai_dianxin.txt 爬取成功✅，包含频道分类: 央视高清, 央视频道, 卫视高清, 数字频道
2025-02-15 09:51:09,991 - INFO - url: https://live.yangfeiyue.ip-ddns.com/speedtest/txt/Guangdong_dianxin.txt 获取成功，判断为m3u格式
2025-02-15 09:51:09,992 - INFO - url: https://live.yangfeiyue.ip-ddns.com/speedtest/txt/Guangdong_dianxin.txt 爬取成功✅，包含频道分类: 卫视高清
2025-02-15 09:51:10,045 - INFO - url: https://live.yangfeiyue.ip-ddns.com/speedtest/txt/Henan_liantong.txt 获取成功，判断为m3u格式
2025-02-15 09:51:10,045 - INFO - url: https://live.yangfeiyue.ip-ddns.com/speedtest/txt/Henan_liantong.txt 爬取成功✅，包含频道分类: 卫视高清, 央视高清, 国学, 郑州新闻, 郑州商都, 郑州文体, 郑州戏曲, 郑州妇女, 郑州生活
2025-02-15 09:51:10,096 - INFO - url: https://live.yangfeiyue.ip-ddns.com/speedtest/txt/Hebei_liantong.txt 获取成功，判断为m3u格式
2025-02-15 09:51:10,096 - INFO - url: https://live.yangfeiyue.ip-ddns.com/speedtest/txt/Hebei_liantong.txt 爬取成功✅，包含频道分类: 卫视高清
2025-02-15 09:51:10,257 - INFO - url: https://cai.yangfeiyue.us.kg/speedtest/txt/Shanxi_liantong.txt 获取成功，判断为m3u格式
2025-02-15 09:51:10,257 - INFO - url: https://cai.yangfeiyue.us.kg/speedtest/txt/Shanxi_liantong.txt 爬取成功✅，包含频道分类: 卫视高清
2025-02-15 09:51:10,335 - INFO - url: https://cai.yangfeiyue.us.kg/speedtest/txt/Shaanxi_dianxin.txt 获取成功，判断为m3u格式
2025-02-15 09:51:10,335 - INFO - url: https://cai.yangfeiyue.us.kg/speedtest/txt/Shaanxi_dianxin.txt 爬取成功✅，包含频道分类: 卫视高清
2025-02-15 09:51:10,403 - INFO - url: https://cai.yangfeiyue.us.kg/speedtest/txt/Liaoning_liantong.txt 获取成功，判断为m3u格式
2025-02-15 09:51:10,403 - INFO - url: https://cai.yangfeiyue.us.kg/speedtest/txt/Liaoning_liantong.txt 爬取成功✅，包含频道分类: 央视高清, 卫视频道
2025-02-15 09:51:10,456 - INFO - url: https://cai.yangfeiyue.us.kg/speedtest/txt/Guangxi_dianxin.txt 获取成功，判断为m3u格式
2025-02-15 09:51:10,456 - INFO - url: https://cai.yangfeiyue.us.kg/speedtest/txt/Guangxi_dianxin.txt 爬取成功✅，包含频道分类: 卫视高清
2025-02-15 09:51:10,508 - INFO - url: https://cai.yangfeiyue.us.kg/speedtest/txt/Fujian_dianxin.txt 获取成功，判断为m3u格式
2025-02-15 09:51:10,508 - INFO - url: https://cai.yangfeiyue.us.kg/speedtest/txt/Fujian_dianxin.txt 爬取成功✅，包含频道分类: 卫视高清
2025-02-15 09:51:10,569 - INFO - url: https://cai.yangfeiyue.us.kg/speedtest/txt/Sichuan_dianxin.txt 获取成功，判断为m3u格式
2025-02-15 09:51:10,569 - INFO - url: https://cai.yangfeiyue.us.kg/speedtest/txt/Sichuan_dianxin.txt 爬取成功✅，包含频道分类: 本地高清, 卫视高清, 电影, 影院高清
2025-02-15 09:51:10,622 - INFO - url: https://live.yangfeiyue.ip-ddns.com/speedtest/txt/Jiangsu_dianxin.txt 获取成功，判断为m3u格式
2025-02-15 09:51:10,622 - INFO - url: https://live.yangfeiyue.ip-ddns.com/speedtest/txt/Jiangsu_dianxin.txt 爬取成功✅，包含频道分类: 卫视高清
2025-02-15 09:51:10,762 - INFO - url: https://live.yangfeiyue.ip-ddns.com/speedtest/txt/Anhui_dianxin.txt 获取成功，判断为m3u格式
2025-02-15 09:51:10,762 - INFO - url: https://live.yangfeiyue.ip-ddns.com/speedtest/txt/Anhui_dianxin.txt 爬取成功✅，包含频道分类: 卫视高清
2025-02-15 09:51:10,814 - INFO - url: https://live.yangfeiyue.ip-ddns.com/speedtest/txt/Hubei_dianxin.txt 获取成功，判断为m3u格式
2025-02-15 09:51:10,814 - INFO - url: https://live.yangfeiyue.ip-ddns.com/speedtest/txt/Hubei_dianxin.txt 爬取成功✅，包含频道分类: 卫视高清
2025-02-15 09:51:10,866 - INFO - url: https://live.yangfeiyue.ip-ddns.com/speedtest/txt/Chongqing_liantong.txt 获取成功，判断为m3u格式
2025-02-15 09:51:10,866 - INFO - url: https://live.yangfeiyue.ip-ddns.com/speedtest/txt/Chongqing_liantong.txt 爬取成功✅，包含频道分类: 卫视高清
2025-02-15 09:51:10,916 - INFO - url: https://live.yangfeiyue.ip-ddns.com/speedtest/txt/Hunan_dianxin.txt 获取成功，判断为m3u格式
2025-02-15 09:51:10,917 - INFO - url: https://live.yangfeiyue.ip-ddns.com/speedtest/txt/Hunan_dianxin.txt 爬取成功✅，包含频道分类: 卫视高清
2025-02-15 09:51:10,968 - INFO - url: https://cai.yangfeiyue.us.kg/speedtest/txt/Guangdian.txt 获取成功，判断为m3u格式
2025-02-15 09:51:10,969 - INFO - url: https://cai.yangfeiyue.us.kg/speedtest/txt/Guangdian.txt 爬取成功✅，包含频道分类: 卫视高清
2025-02-15 09:51:11,021 - INFO - url: https://cai.yangfeiyue.us.kg/speedtest/txt/Jiangxi_dianxin.txt 获取成功，判断为m3u格式
2025-02-15 09:51:11,021 - INFO - url: https://cai.yangfeiyue.us.kg/speedtest/txt/Jiangxi_dianxin.txt 爬取成功✅，包含频道分类: 卫视高清
2025-02-15 09:51:11,467 - INFO - url: https://fei.yangfeiyue.us.kg/GAT.m3u 获取成功，判断为txt格式
2025-02-15 09:51:11,468 - INFO - url: https://fei.yangfeiyue.us.kg/GAT.m3u 爬取成功✅，包含频道分类: 港澳台
2025-02-15 09:51:11,517 - INFO - url: https://fei.yangfeiyue.us.kg/NEWTV.m3u 获取成功，判断为txt格式
2025-02-15 09:51:11,518 - INFO - url: https://fei.yangfeiyue.us.kg/NEWTV.m3u 爬取成功✅，包含频道分类: NEWTV
